<?xml version="1.0" encoding="UTF-8"?>
<!-- Generated by org.testng.reporters.JUnitReportReporter -->
<testsuite hostname="ArunMotoori" failures="0" tests="1" name="registerpack.TCRF003" time="7.788" errors="0" timestamp="2024-10-22T20:01:04 IST" skipped="0">
  <testcase classname="registerpack.TCRF003" name="verifyRegisteringAccountWithAllFields" time="7.788"/>
</testsuite> <!-- registerpack.TCRF003 -->
