<?xml version="1.0" encoding="UTF-8"?>
<!-- Generated by org.testng.reporters.JUnitReportReporter -->
<testsuite hostname="ArunMotoori" failures="0" tests="1" name="registerpack.TCRF001" time="6.185" errors="0" timestamp="2024-10-14T19:47:24 IST" skipped="0">
  <testcase classname="registerpack.TCRF001" name="registerWithMandatoryFields" time="6.185"/>
</testsuite> <!-- registerpack.TCRF001 -->
